00:00:00.290 |I| Configuration LogValueChange: ResScale set to: 1
00:00:00.294 |I| Configuration LogValueChange: ResScaleCustom set to: 1
00:00:00.294 |I| Configuration LogValueChange: MaxAnisotropy set to: -1
00:00:00.295 |I| Configuration LogValueChange: AspectRatio set to: Fixed16x9
00:00:00.296 |I| Configuration LogValueChange: PreferredGpu set to: 0x10DE_0x25AC
00:00:00.296 |I| Configuration LogValueChange: ScalingFilterLevel set to: 80
00:00:00.297 |I| Configuration LogValueChange: CustomVSyncInterval set to: 120
00:00:00.297 |I| Configuration LogValueChange: EnableShaderCache set to: True
00:00:00.297 |I| Configuration LogValueChange: EnableMacroHLE set to: True
00:00:00.298 |I| Configuration LogValueChange: Language set to: AmericanEnglish
00:00:00.298 |I| Configuration LogValueChange: Region set to: USA
00:00:00.298 |I| Configuration LogValueChange: TimeZone set to: UTC
00:00:00.300 |I| Configuration LogValueChange: SystemTimeOffset set to: -26
00:00:00.300 |I| Configuration LogValueChange: EnableDockedMode set to: True
00:00:00.300 |I| Configuration LogValueChange: EnablePtc set to: True
00:00:00.301 |I| Configuration LogValueChange: TickScalar set to: 50
00:00:00.301 |I| Configuration LogValueChange: EnableFsIntegrityChecks set to: True
00:00:00.303 |I| Configuration LogValueChange: AudioBackend set to: SDL3
00:00:00.303 |I| Configuration LogValueChange: AudioVolume set to: 1
00:00:00.304 |I| Configuration LogValueChange: MemoryManagerMode set to: HostMappedUnsafe
00:00:00.305 |I| Configuration LogValueChange: UseHypervisor set to: True
00:00:00.307 |I| Configuration LogValueChange: LdnPassphrase set to: 
00:00:00.307 |I| Configuration LogValueChange: LdnServer set to: 
00:00:00.308 |I| Configuration LogValueChange: GdbStubPort set to: 55555
00:00:00.316 |N| Application PrintSystemInfo:    ___                 __    _              
00:00:00.316 |N| Application PrintSystemInfo:   / _ \  __ __ __ __  / /   (_)  ___   ___ _
00:00:00.316 |N| Application PrintSystemInfo:  / , _/ / // // // / / _ \ / /  / _ \ / _ `/
00:00:00.316 |N| Application PrintSystemInfo: /_/|_|  \_, / \_,_/ /_.__//_/  /_//_/ \_, / 
00:00:00.316 |N| Application PrintSystemInfo:        /___/                         /___/  
00:00:00.316 |N| Application PrintSystemInfo: Ryujinx Canary Version: 1.3.272
00:00:00.316 |N| Application PrintSystemInfo: .NET Runtime: .NET 10.0.6
00:00:00.321 |N| Application PrintSystemInfo: Operating System: Microsoft Windows 10.0.26200 (X64)
00:00:00.321 |N| Application PrintSystemInfo: CPU: 13th Gen Intel(R) Core(TM) i5-13420H ; 12 logical
00:00:00.323 |N| Application PrintSystemInfo: RAM: Total 15.7 GiB ; Available 7 GiB
00:00:00.326 |N| Application PrintSystemInfo: Logs Enabled: Info, Warning, Error, Guest, Stub
00:00:00.327 |N| Application PrintSystemInfo: Launch Mode: UserProfile
00:00:02.625 |I| Application QueryLatestAsync: Checking for updates from: https://update.ryujinx.app/latest/query?os=win&arch=amd64&rc=canary
00:00:03.382 |I| Application QueryLatestAsync: Received non-success status code (BadGateway) for update query!
00:00:03.391 |E| Application CheckVersionAsync: NullReferenceException thrown when requesting updates: Object reference not set to an instance of an object.
00:00:52.588 |I| Configuration LogValueChange: Region set to: Europe
00:00:52.588 |I| Configuration LogValueChange: SystemTimeOffset set to: -53
00:00:00.024 |I| Gpu : Backend Threading (Auto): True
00:00:00.279 |N| Application LoadGuestApplication: Using Firmware Version: 22.1.0
00:00:00.279 |N| Application LoadGuestApplication: Loading content archive from 'C:\Users\[redacted]\Desktop\emulated games\Tomodachi Life Living the Dream-001.nsp'.
00:00:00.279 |I| Application LoadGuestApplication: Loading as NSP.
00:00:00.291 |I| ModLoader QueryContentsDir: Searching mods for Application 010051F0207B2000 in "C:\Users\[redacted]\AppData\Roaming\Ryujinx\mods\contents"
00:00:00.292 |I| ModLoader QueryContentsDir: Searching mods for Application 010051F0207B2000 in "C:\Users\[redacted]\AppData\Roaming\Ryujinx\sdcard\atmosphere\contents"
00:00:00.304 |I| Loader Load: Loading rtld...
00:00:00.311 |I| Loader PrintRoSectionInfo: rtld:
    Module: 
00:00:00.311 |I| Loader Load: Loading main...
00:00:00.470 |I| Loader PrintRoSectionInfo: main:
    Module: D:\home\Project\Colony\App\Rom\NX64\Product_CSPGO_Optimize\code\Colony.nss
    SDK Libraries: SDK MW+Nintendo+NintendoWare_Vfx2-20_5_3-Release
                   SDK MW+Nintendo+NintendoWare_Font-20_5_3-Release
                   SDK MW+Nintendo+NintendoWare_Ui2d-20_5_3-Release
                   SDK MW+Nintendo+NintendoWare_G3d2-20_5_3-Release
                   SDK MW+Nintendo+NintendoWare_G3d2-20_5_3-Release
                   SDK MW+Microsoft+Havok_Physics-2023_2
                   SDK MW+Microsoft+Havok_Cloth-2023_2
                   SDK MW+Microsoft+Havok_Animation-2023_2
                   SDK MW+Nintendo+Sead-1_0_0_0
00:00:00.470 |I| Loader Load: Loading sdk...
00:00:00.507 |I| Loader PrintRoSectionInfo: sdk:
    Module: 
    FS SDK Version: 20.5.3
    SDK Libraries: SDK MW+Nintendo+NintendoSDK_libz-20_5_3-Release
                   SDK MW+Nintendo+NintendoSdk_nnSdk-20_5_3-Release
                   SDK MW+Nintendo+NintendoSdk_BuildTarget-64Bit
                   SDK MW+Nintendo+NintendoSDK_NVN-20_5_3-Release
00:00:00.727 |I| Ptc Initialize: Initializing Profiled Persistent Translation Cache (enabled: True).
00:00:00.728 |I| Ptc Initialize: PPTC (v7010) Profile: 1.0.0-default
00:00:01.213 |I| Ptc Load: Loaded Translation Cache (size: 69234396 bytes, translated functions: 39096).
00:00:01.224 |I| Ptc Load: Loaded Profiling Info (size: 165079 bytes, profiled functions: 39058).
00:00:01.227 |I| Application ParseCapability: Application requested cores with index range 0 to 2
00:00:01.228 |I| Loader LoadNsos: Loading image 0 at 0x0000000008500000...
00:00:01.229 |I| Loader LoadNsos: Loading image 1 at 0x0000000008506000...
00:00:01.260 |I| Loader LoadNsos: Loading image 2 at 0x000000000d79f000...
00:00:01.265 |I| ModLoader LoadCheats: Build ids found for application 010051F0207B2000:
    1766344B3F61911645FCD17B22CB0F04139FE5FF000000000000000000000000
    56BF85BD535413464CB75BB6C2683B6711E0BC0B000000000000000000000000
    651781821E2C2E0B2BDFE905E8676F564190586A000000000000000000000000
00:00:01.268 |I| Application EnsureSaveData: Ensuring required savedata exists.
00:00:01.305 |I| Loader Start: Application Loaded: Tomodachi Life: Living the Dream v1.0.0 [010051f0207b2000] [64-bit]
00:00:01.326 |I| GUI.WindowThread Hid Configure: Configured Controller ProController to Player1
00:00:01.336 |I| GUI.WindowThread Hid SetupNpad: Connected Controller ProController to Player1
00:00:01.658 |N| GUI.RenderThread Gpu PrintGpuInformation: NVIDIA GeForce RTX 3050 6GB Laptop GPU (Vulkan v1.3.260, Driver v546.18.0.0)
00:00:01.659 |N| GUI.RenderThread Gpu PrintGpuInformation: GPU Memory: 6017 MiB
00:00:01.667 |I| GPU.MainThread Gpu LoadShaders: Loading 66 shaders from the cache...
00:00:01.811 |I| GPU.MainThread Gpu LoadShaders: Shader cache loaded.
00:00:02.583 |I| HLE.GuestThread.28 Ptc LoadTranslations: 39058 translated functions loaded
00:00:02.660 |S| {Common} ServiceAm GetAppletResourceUserId: Stubbed. {appletResourceUserId: 1}
00:00:02.669 |S| {Common} ServiceAm AcquireForegroundRights: Stubbed. 
00:00:02.669 |S| {Common} ServiceAm SetFocusHandlingMode: Stubbed. {unknownFlag1: False ; unknownFlag2: False ; unknownFlag3: True}
00:00:02.670 |S| {Common} ServiceAm SetOutOfFocusSuspendingEnabled: Stubbed. {outOfFocusSuspendingEnabled: False}
00:00:02.676 |S| {Common} ServicePctl Initialize: Stubbed. 
00:00:03.924 |S| {Nv} ServiceNv FinishInitialize: Stubbed. 
00:00:03.928 |I| {Common} SurfaceFlinger CreateLayerFromId: Creating layer 1
00:00:03.930 |I| {Common} SurfaceFlinger CreateLayerFromId: Creating layer 2
00:00:03.945 |S| {Nv} ServiceNv VsmsMapping: Stubbed. 
00:00:03.951 |S| {Nv} ServiceNv InitializeEx: Stubbed. 
00:00:03.963 |S| {Nv} ServiceNv GetActiveSlotMask: Stubbed. 
00:00:04.015 |S| {Nv} ServiceNv SetNvMapFd: Stubbed. 
00:00:04.015 |S| {Nv} ServiceNv AllocGpfifoEx2: Stubbed. 
00:00:04.015 |S| {Nv} ServiceNv AllocObjCtx: Stubbed. 
00:00:04.016 |S| {Nv} ServiceNv SetErrorNotifier: Stubbed. 
00:00:04.016 |S| {Nv} ServiceNv SetUserData: Stubbed. 
00:00:04.016 |S| {Nv} ServiceNv SetTimeout: Stubbed. 
00:00:04.017 |S| {Nv} ServiceNv SetTimeslice: Stubbed. 
00:00:04.019 |S| {Nv} ServiceNv ZcullBind: Stubbed. 
00:00:04.042 |S| {Common} ServiceAcc InitializeApplicationInfo: Stubbed. {TitleId: 72147685816868864}
00:00:04.045 |S| {Common} ServiceAcc IsUserAccountSwitchLocked: Stubbed. 
00:00:04.045 |S| {Common} ServiceNs CheckAddOnContentMountStatus: Stubbed. 
00:00:04.046 |S| {Common} ServiceAm SetRestartMessageEnabled: Stubbed. {restartMessageEnabled: True}
00:00:04.046 |S| {Common} ServiceAm LockExit: Stubbed. 
00:00:04.047 |S| {Common} ServiceAm SetOperationModeChangedNotification: Stubbed. {operationModeChangedNotification: True}
00:00:04.048 |S| {Common} ServiceAm SetPerformanceModeChangedNotification: Stubbed. {performanceModeChangedNotification: True}
00:00:04.350 |S| {Common} ServiceAm GetSaveDataSize: Stubbed. {saveDataType: Account ; userId: 00000000000000010000000000000000}
00:00:04.351 |S| {Common} ServiceAm GetSaveDataSizeMax: Stubbed. 
00:00:04.355 |S| {Hid} ServiceHid DisconnectNpad: Stubbed. {appletResourceUserId: 4294967296 ; npadIdType: Player2}
00:00:04.355 |S| {Hid} ServiceHid DisconnectNpad: Stubbed. {appletResourceUserId: 4294967296 ; npadIdType: Player3}
00:00:04.355 |S| {Hid} ServiceHid DisconnectNpad: Stubbed. {appletResourceUserId: 4294967296 ; npadIdType: Player4}
00:00:04.355 |S| {Hid} ServiceHid DisconnectNpad: Stubbed. {appletResourceUserId: 4294967296 ; npadIdType: Player5}
00:00:04.355 |S| {Hid} ServiceHid DisconnectNpad: Stubbed. {appletResourceUserId: 4294967296 ; npadIdType: Player6}
00:00:04.355 |S| {Hid} ServiceHid DisconnectNpad: Stubbed. {appletResourceUserId: 4294967296 ; npadIdType: Player7}
00:00:04.355 |S| {Hid} ServiceHid DisconnectNpad: Stubbed. {appletResourceUserId: 4294967296 ; npadIdType: Player8}
00:00:04.357 |S| {Hid} ServiceHid ActiveNpadImpl: Stubbed. {appletResourceUserId: 1 ; revision: 5}
00:00:04.360 |S| {Hid} ServiceHid SetSupportedNpadIdType: Stubbed. 9 Players: Player1,Player2,Player3,Player4,Player5,Player6,Player7,Player8,Handheld
00:00:04.360 |S| {Hid} ServiceHid SetSupportedNpadStyleSet: Stubbed. {pid: 109 ; appletResourceUserId: 1 ; type: ProController, Handheld, JoyconPair, JoyconLeft, JoyconRight}
00:00:04.361 |S| {Hid} ServiceHid SetTouchScreenResolution: Stubbed. {width: 1280 ; height: 720 ; appletResourceUserId: 1}
00:00:04.361 |S| {Hid} ServiceHid ActivateTouchScreen: Stubbed. {appletResourceUserId: 1}
00:00:04.362 |S| {Hid} ServiceHid SetGestureOutputRanges: Stubbed. {pid: 109 ; unknown0: 1280}
00:00:04.362 |S| {Hid} ServiceHid ActivateGesture: Stubbed. {appletResourceUserId: 1 ; unknown0: 1}
00:00:04.362 |S| {Nv} ServiceNv ZbcSetTable: Stubbed. 
00:00:04.363 |S| {Nv} ServiceNv GetActiveSlotMask: Stubbed. 
00:00:04.382 |S| {Nv} ServiceNv SetNvMapFd: Stubbed. 
00:00:04.383 |S| {Nv} ServiceNv AllocGpfifoEx2: Stubbed. 
00:00:04.383 |S| {Nv} ServiceNv AllocObjCtx: Stubbed. 
00:00:04.383 |S| {Nv} ServiceNv SetErrorNotifier: Stubbed. 
00:00:04.383 |S| {Nv} ServiceNv SetUserData: Stubbed. 
00:00:04.383 |S| {Nv} ServiceNv SetTimeout: Stubbed. 
00:00:04.383 |S| {Nv} ServiceNv SetTimeslice: Stubbed. 
00:00:04.384 |S| {Nv} ServiceNv ZcullBind: Stubbed. 
00:00:04.391 |S| {Nv} ServiceNv SetNvMapFd: Stubbed. 
00:00:04.391 |S| {Nv} ServiceNv AllocGpfifoEx2: Stubbed. 
00:00:04.391 |S| {Nv} ServiceNv AllocObjCtx: Stubbed. 
00:00:04.391 |S| {Nv} ServiceNv SetErrorNotifier: Stubbed. 
00:00:04.391 |S| {Nv} ServiceNv SetUserData: Stubbed. 
00:00:04.391 |S| {Nv} ServiceNv SetTimeout: Stubbed. 
00:00:04.391 |S| {Nv} ServiceNv SetTimeslice: Stubbed. 
00:00:04.392 |S| {Nv} ServiceNv ZcullBind: Stubbed. 
00:00:04.414 |S| {Nv} ServiceNv SetNvMapFd: Stubbed. 
00:00:04.414 |S| {Nv} ServiceNv AllocGpfifoEx2: Stubbed. 
00:00:04.414 |S| {Nv} ServiceNv AllocObjCtx: Stubbed. 
00:00:04.414 |S| {Nv} ServiceNv SetErrorNotifier: Stubbed. 
00:00:04.414 |S| {Nv} ServiceNv SetUserData: Stubbed. 
00:00:04.414 |S| {Nv} ServiceNv SetTimeout: Stubbed. 
00:00:04.414 |S| {Nv} ServiceNv SetTimeslice: Stubbed. 
00:00:04.414 |S| {Nv} ServiceNv ZcullBind: Stubbed. 
00:00:04.755 |I| HLE.OsThread.11 AudioRenderer AcquireSessionId: Registered new renderer (0)
00:00:04.758 |I| HLE.OsThread.11 AudioRenderer Initialize: Initializing with REV15
00:00:04.794 |I| AudioProcessor.Worker AudioRenderer Work: Starting audio processor
00:00:04.795 |I| AudioRendererManager.Worker AudioRenderer SendCommands: Starting audio renderer
00:00:04.798 |I| HLE.OsThread.11 AudioRenderer Start: Starting renderer id 0
00:00:04.913 |I| AudioProcessor.Worker Audio EnsureAudioStreamSetup: New audio stream setup with a target sample count of 240
00:00:05.870 |S| {Common} ServiceAm SetOperationModeChangedNotification: Stubbed. {operationModeChangedNotification: True}
00:00:05.870 |S| {Common} ServiceAm SetPerformanceModeChangedNotification: Stubbed. {performanceModeChangedNotification: True}
00:00:05.892 |S| {Hid} ServiceHid StartSixAxisSensor: Stubbed. {appletResourceUserId: 1 ; sixAxisSensorHandle: 131075}
00:00:05.977 |I| HLE.OsThread.22 ServicePrepo ProcessPlayReport: 
PlayReport log:
 Kind: Normal
 Pid: 109
 ApplicationVersion: 0
 UserId: 00000000000000010000000000000000
 Room: erepo_region 
 Report: {
    "Region": 1,
    "Language": 1,
    "StandardTimeName": "UTC",
    "UtcOffsetSeconds": 0,
    "system_report_tag": 2759414308
}

00:00:05.977 |I| HLE.OsThread.22 ServicePrepo ProcessPlayReport: 
PlayReport log:
 Kind: Normal
 Pid: 109
 ApplicationVersion: 0
 UserId: 00000000000000010000000000000000
 Room: erepo_time 
 Report: {
    "ActiveTime": 0,
    "UpdatedTime": 0,
    "system_report_tag": 2759414308
}

00:00:05.978 |I| HLE.OsThread.22 ServicePrepo ProcessPlayReport: 
PlayReport log:
 Kind: Normal
 Pid: 109
 ApplicationVersion: 0
 UserId: 00000000000000010000000000000000
 Room: erepo_playstyle 
 Report: {
    "system_report_tag": 2759414308
}

00:00:05.979 |I| HLE.OsThread.22 ServicePrepo ProcessPlayReport: 
PlayReport log:
 Kind: Normal
 Pid: 109
 ApplicationVersion: 0
 UserId: 00000000000000010000000000000000
 Room: erepo_network_status 
 Report: {
    "NetworkInterface": {
        "TypeCode": 64,
        "Value": "0x00000000000000000000000000000000"
    },
    "LinkLevel": {
        "TypeCode": 65,
        "Value": "0x00"
    },
    "FrequencyBand": {
        "TypeCode": 66,
        "Value": "0x00000000000000000000"
    },
    "system_report_tag": 2759414308
}

00:00:05.980 |I| HLE.OsThread.22 ServicePrepo ProcessPlayReport: 
PlayReport log:
 Kind: Normal
 Pid: 109
 ApplicationVersion: 0
 UserId: 00000000000000010000000000000000
 Room: erepo_active_beacon 
 Report: {
    "IntervalTime": 0,
    "UpdatedTime": 0,
    "system_report_tag": 0
}

00:00:17.416 |W| {Nv} ServiceNv Wait: GPU processing thread is too slow, waiting on CPU...
00:00:32.621 |I| Ptc.DiskWriter Ptc Save: Saved Profiling Info (size: 165915 bytes, profiled functions: 39246).
00:00:35.463 |W| {Nv} ServiceNv Wait: GPU processing thread is too slow, waiting on CPU...
00:00:39.381 |W| {Nv} ServiceNv Wait: GPU processing thread is too slow, waiting on CPU...
00:00:39.939 |W| {Nv} ServiceNv Wait: GPU processing thread is too slow, waiting on CPU...
00:01:02.619 |I| Ptc.DiskWriter Ptc Save: Saved Profiling Info (size: 183031 bytes, profiled functions: 43095).
00:01:09.627 |W| <SdkSystemThread> KernelSvc : WaitSynchronization(handleIndex: 0xFFFFFFFF) = TerminationRequested
00:01:09.627 |W| <Presentation Thread> KernelSvc : SendSyncRequest() = TerminationRequested
00:01:09.627 |W| <MainThread> KernelSvc : ArbitrateLock() = TerminationRequested
00:01:09.627 |W| <PathFindingSub2> KernelSvc : WaitForAddress() = TerminationRequested
00:01:09.627 |W| <Prepare Thread> KernelSvc : WaitForAddress() = TerminationRequested
00:01:09.627 |W| <VoiceSynthesis2> KernelSvc : WaitForAddress() = TerminationRequested
00:01:09.627 |W| <PathFindingMain> KernelSvc : WaitForAddress() = TerminationRequested
00:01:09.627 |W| <PathFindingSub1> KernelSvc : WaitForAddress() = TerminationRequested
00:01:09.628 |W| <Debug> KernelSvc : WaitForAddress() = TerminationRequested
00:01:09.628 |W| <VoiceSynthesis1> KernelSvc : WaitForAddress() = TerminationRequested
00:01:09.628 |W| <LowPriorityJobExecuter2> KernelSvc : WaitProcessWideKeyAtomic() = TerminationRequested
00:01:09.628 |W| <VoiceSynthesis0> KernelSvc : WaitForAddress() = TerminationRequested
00:01:09.628 |W| <AppJobThreadPool2> KernelSvc : WaitForAddress() = TerminationRequested
00:01:09.628 |W| <ARes Loading 1> KernelSvc : WaitForAddress() = TerminationRequested
00:01:09.628 |W| <SaveDataMgr> KernelSvc : WaitForAddress() = TerminationRequested
00:01:09.628 |W| <ParallelDecompThread> KernelSvc : WaitForAddress() = TerminationRequested
00:01:09.628 |W| <LowPriorityJobExecuter0> KernelSvc : WaitProcessWideKeyAtomic() = TerminationRequested
00:01:09.628 |W| <LowPriorityJobExecuter1> KernelSvc : WaitProcessWideKeyAtomic() = TerminationRequested
00:01:09.628 |W| <AppJobThreadPool0> KernelSvc : WaitForAddress() = TerminationRequested
00:01:09.628 |W| <AppJobThreadPool1> KernelSvc : WaitForAddress() = TerminationRequested
00:01:09.628 |W| <gmd::SaveDataMgr> KernelSvc : WaitForAddress() = TerminationRequested
00:01:09.628 |W| <Resource Control> KernelSvc : WaitForAddress() = TerminationRequested
00:01:09.628 |W| <phive::DepWorker2> KernelSvc : WaitForAddress() = TerminationRequested
00:01:09.628 |W| <Texture Upsize Thread> KernelSvc : WaitForAddress() = TerminationRequested
00:01:09.628 |W| <AudioFrameworkThread> KernelSvc : WaitSynchronization(handleIndex: 0xFFFFFFFF) = TerminationRequested
00:01:09.628 |W| <Resource Memory> KernelSvc : WaitForAddress() = TerminationRequested
00:01:09.628 |W| <phive::DepWorker0> KernelSvc : WaitForAddress() = TerminationRequested
00:01:09.628 |W| <ice::net::StateMachineThread> KernelSvc : WaitForAddress() = TerminationRequested
00:01:09.628 |W| <ARes Loading 0> KernelSvc : WaitForAddress() = TerminationRequested
00:01:09.628 |W| <ParallelDecompThread> KernelSvc : WaitForAddress() = TerminationRequested
00:01:09.628 |W| <PlayReporter> KernelSvc : WaitForAddress() = TerminationRequested
00:01:09.628 |W| <VibrationThread> KernelSvc : WaitForAddress() = TerminationRequested
00:01:09.628 |W| <UpdateTextureCacheThread> KernelSvc : WaitForAddress() = TerminationRequested
00:01:09.628 |W| <Scene Prepare Thread> KernelSvc : WaitForAddress() = TerminationRequested
00:01:09.628 |W| <aglTextureDataMgr::Compaction> KernelSvc : WaitForAddress() = TerminationRequested
00:01:09.628 |W| <Save Album Thread> KernelSvc : WaitForAddress() = TerminationRequested
00:01:09.628 |W| <aglTextureDataMgr::Replace> KernelSvc : WaitForAddress() = TerminationRequested
00:01:09.628 |W| <phive::DepWorker1> KernelSvc : WaitForAddress() = TerminationRequested
00:01:09.628 |W| <rmbl::VibrationThread> KernelSvc : WaitProcessWideKeyAtomic() = TerminationRequested
00:01:09.628 |W| <AudioUserTaskThread> KernelSvc : WaitForAddress() = TerminationRequested
00:01:09.628 |W| <aal::LowPrioWorkerThread> KernelSvc : WaitForAddress() = TerminationRequested
00:01:09.628 |W| <ice::net::SchedulerThread> KernelSvc : WaitForAddress() = TerminationRequested
00:01:09.641 |I| HLE.OsThread.11 AudioRenderer Stop: Stopping renderer id 0
00:01:09.641 |I| HLE.OsThread.11 AudioRenderer Stop: Stopped renderer id 0
00:01:09.641 |E| {Vi:m} SurfaceFlinger DequeueBuffer: No available buffer slots
00:01:09.642 |I| HLE.OsThread.11 AudioRenderer ReleaseSessionId: Unregistered renderer (0)
00:01:09.645 |E| {Vi:m} SurfaceFlinger OnTransact: Error returned by transaction DequeueBuffer: Busy
00:01:09.646 |I| AudioProcessor.Worker AudioRenderer Work: Stopping audio processor
00:01:09.675 |I| HLE.OsThread.11 AudioRenderer StopLocked: Stopped audio renderer
00:01:09.688 |W| GUI.WindowThread ServiceNv Close: Closing channel
00:01:10.389 |N| GUI.RenderThread Application ReloadConfig: Loading configuration from: C:\Users\[redacted]\AppData\Roaming\Ryujinx\Config.json
